<?xml version="1.0" encoding="UTF-8"?>
<!-- Generated by org.testng.reporters.JUnitReportReporter -->
<testsuite hostname="DESKTOP-2BM989P" failures="0" tests="3" name="testscript.FDroid_Test" time="41.519" errors="0" timestamp="2024-10-06T11:39:58 IST" skipped="0">
  <testcase classname="testscript.FDroid_Test" name="tc" time="4.683"/>
  <testcase classname="testscript.FDroid_Test" name="openNotifications" time="20.118"/>
  <testcase classname="testscript.FDroid_Test" name="switchApp" time="16.718"/>
</testsuite> <!-- testscript.FDroid_Test -->
